<!DOCTYPE html PUBLIC "-//W3C//DTD XHTML 1.1//EN" "https://www.w3.org/TR/xhtml11/DTD/xhtml11.dtd">
<html xmlns="https://www.w3.org/1999/xhtml">
<head>
<meta http-equiv="content-type" content="text/html; charset=UTF-8"/>
<title>TestNG Report</title>
<style type="text/css">table {margin-bottom:10px;border-collapse:collapse;empty-cells:show}th,td {border:1px solid #009;padding:.25em .5em}th {vertical-align:bottom}td {vertical-align:top}table a {font-weight:bold}.stripe td {background-color: #E6EBF9}.num {text-align:right}.passedodd td {background-color: #3F3}.passedeven td {background-color: #0A0}.skippedodd td {background-color: #DDD}.skippedeven td {background-color: #CCC}.failedodd td,.attn {background-color: #F33}.failedeven td,.stripe .attn {background-color: #D00}.stacktrace {white-space:pre;font-family:monospace}.totop {font-size:85%;text-align:center;border-bottom:2px solid #000}.invisible {display:none}</style>
</head>
<body>
<table>
<tr><th>Test</th><th># Passed</th><th># Skipped</th><th># Retried</th><th># Failed</th><th>Time (ms)</th><th>Included Groups</th><th>Excluded Groups</th></tr>
<tr><th colspan="8">Suite</th></tr>
<tr><td><a href="#t0">ErrorValidation</a></td><td class="num">0</td><td class="num">0</td><td class="num attn">1</td><td class="num attn">2</td><td class="num">33,764</td><td></td><td></td></tr>
<tr class="stripe"><td><a href="#t1">StandAloneTest</a></td><td class="num">3</td><td class="num">0</td><td class="num">0</td><td class="num">0</td><td class="num">46,265</td><td></td><td></td></tr>
<tr><th>Total</th><th class="num">3</th><th class="num">0</th><th class="num attn">1</th><th class="num attn">2</th><th class="num">80,029</th><th colspan="2"></th></tr>
</table>
<table id='summary'><thead><tr><th>Class</th><th>Method</th><th>Start</th><th>Time (ms)</th></tr></thead><tbody><tr><th colspan="4">Suite</th></tr></tbody><tbody id="t0"><tr><th colspan="4">ErrorValidation &#8212; failed</th></tr><tr class="failedeven"><td rowspan="2">Tests.ErrorValidation</td><td><a href="#m0">SubmiteOrder</a></td><td rowspan="1">1742232252006</td><td rowspan="1">2151</td></tr><tr class="failedeven"><td><a href="#m1">VarifyProductAddToCart</a></td><td rowspan="1">1742232254360</td><td rowspan="1">26216</td></tr><tr><th colspan="4">ErrorValidation &#8212; retried</th></tr><tr class="retriedeven"><td rowspan="1">Tests.ErrorValidation</td><td><a href="#m2">SubmiteOrder</a></td><td rowspan="1">1742232246986</td><td rowspan="1">5010</td></tr></tbody>
<tbody id="t1"><tr><th colspan="4">StandAloneTest &#8212; passed</th></tr><tr class="passedeven"><td rowspan="3">Tests.StandAloneTest</td><td><a href="#m3">OrderHistoryTest</a></td><td rowspan="1">1742232283916</td><td rowspan="1">9294</td></tr><tr class="passedeven"><td><a href="#m4">submitOrder</a></td><td rowspan="2">1742232266474</td><td rowspan="2">17424</td></tr><tr class="passedeven"><td><a href="#m5">submitOrder</a></td></tr></tbody>
</table>
<h2>ErrorValidation</h2><h3 id="m0">Tests.ErrorValidation#SubmiteOrder</h3><table class="result"><tr><th>Exception</th></tr><tr><td><div class="stacktrace">java.lang.AssertionError: expected [Incorrect email or password.] but found [Incorrect email password.]
	at Tests.ErrorValidation.SubmiteOrder(ErrorValidation.java:26)
	at java.base/java.util.ArrayList.forEach(ArrayList.java:1597)
	at java.base/java.util.concurrent.FutureTask.run(FutureTask.java:317)
	at java.base/java.util.concurrent.ThreadPoolExecutor.runWorker(ThreadPoolExecutor.java:1144)
	at java.base/java.util.concurrent.ThreadPoolExecutor$Worker.run(ThreadPoolExecutor.java:642)
	at java.base/java.lang.Thread.run(Thread.java:1570)
... Removed 21 stack frames</div></td></tr></table><p class="totop"><a href="#summary">back to summary</a></p>
<h3 id="m1">Tests.ErrorValidation#VarifyProductAddToCart</h3><table class="result"><tr><th>Exception</th></tr><tr><td><div class="stacktrace">java.lang.AssertionError: expected [true] but found [false]
	at Tests.ErrorValidation.VarifyProductAddToCart(ErrorValidation.java:43)
	at java.base/java.util.ArrayList.forEach(ArrayList.java:1597)
	at java.base/java.util.concurrent.FutureTask.run(FutureTask.java:317)
	at java.base/java.util.concurrent.ThreadPoolExecutor.runWorker(ThreadPoolExecutor.java:1144)
	at java.base/java.util.concurrent.ThreadPoolExecutor$Worker.run(ThreadPoolExecutor.java:642)
	at java.base/java.lang.Thread.run(Thread.java:1570)
... Removed 19 stack frames</div></td></tr></table><p class="totop"><a href="#summary">back to summary</a></p>
<h3 id="m2">Tests.ErrorValidation#SubmiteOrder</h3><table class="result"><tr><th>Exception</th></tr><tr><td><div class="stacktrace">java.lang.AssertionError: expected [Incorrect email or password.] but found [Incorrect email password.]
	at Tests.ErrorValidation.SubmiteOrder(ErrorValidation.java:26)
	at java.base/java.util.ArrayList.forEach(ArrayList.java:1597)
	at java.base/java.util.concurrent.FutureTask.run(FutureTask.java:317)
	at java.base/java.util.concurrent.ThreadPoolExecutor.runWorker(ThreadPoolExecutor.java:1144)
	at java.base/java.util.concurrent.ThreadPoolExecutor$Worker.run(ThreadPoolExecutor.java:642)
	at java.base/java.lang.Thread.run(Thread.java:1570)
... Removed 21 stack frames</div></td></tr></table><p class="totop"><a href="#summary">back to summary</a></p>
<h2>StandAloneTest</h2><h3 id="m3">Tests.StandAloneTest#OrderHistoryTest</h3><table class="result"><tr><th class="invisible"/></tr></table><p class="totop"><a href="#summary">back to summary</a></p>
<h3 id="m4">Tests.StandAloneTest#submitOrder</h3><table class="result"><tr class="param"><th>Parameter #1</th></tr><tr class="param stripe"><td>{password=Iamking@000, email=anshika@gmail.com}</td></tr></table><p class="totop"><a href="#summary">back to summary</a></p>
<h3 id="m5">Tests.StandAloneTest#submitOrder</h3><table class="result"><tr class="param"><th>Parameter #1</th></tr><tr class="param stripe"><td>{password=User18@gmail.com, email=user18@gmail.com}</td></tr></table><p class="totop"><a href="#summary">back to summary</a></p>
</body>
</html>
